{"/home/marcos/source/marcospcury/gatsby-plugin-translate/__test__/mocks.js": {"path":"/home/marcos/source/marcospcury/gatsby-plugin-translate/__test__/mocks.js","statementMap":{"0":{"start":{"line":1,"column":27},"end":{"line":4,"column":1}},"1":{"start":{"line":6,"column":28},"end":{"line":12,"column":1}},"2":{"start":{"line":14,"column":33},"end":{"line":17,"column":1}},"3":{"start":{"line":19,"column":33},"end":{"line":25,"column":1}},"4":{"start":{"line":27,"column":19},"end":{"line":30,"column":1}},"5":{"start":{"line":32,"column":19},"end":{"line":38,"column":1}},"6":{"start":{"line":40,"column":24},"end":{"line":43,"column":1}},"7":{"start":{"line":45,"column":24},"end":{"line":53,"column":1}},"8":{"start":{"line":55,"column":23},"end":{"line":58,"column":1}},"9":{"start":{"line":60,"column":17},"end":{"line":63,"column":1}},"10":{"start":{"line":65,"column":22},"end":{"line":68,"column":1}},"11":{"start":{"line":72,"column":2},"end":{"line":77,"column":3}},"12":{"start":{"line":81,"column":2},"end":{"line":81,"column":46}},"13":{"start":{"line":85,"column":2},"end":{"line":85,"column":47}},"14":{"start":{"line":89,"column":2},"end":{"line":89,"column":52}},"15":{"start":{"line":93,"column":2},"end":{"line":93,"column":52}},"16":{"start":{"line":97,"column":2},"end":{"line":100,"column":3}},"17":{"start":{"line":103,"column":0},"end":{"line":116,"column":1}}},"fnMap":{"0":{"name":"createTranslation","decl":{"start":{"line":71,"column":9},"end":{"line":71,"column":26}},"loc":{"start":{"line":71,"column":33},"end":{"line":78,"column":1}},"line":71},"1":{"name":"createBasicTranslation","decl":{"start":{"line":80,"column":9},"end":{"line":80,"column":31}},"loc":{"start":{"line":80,"column":34},"end":{"line":82,"column":1}},"line":80},"2":{"name":"createObjectTranslation","decl":{"start":{"line":84,"column":9},"end":{"line":84,"column":32}},"loc":{"start":{"line":84,"column":35},"end":{"line":86,"column":1}},"line":84},"3":{"name":"createSimpleArrayTranslation","decl":{"start":{"line":88,"column":9},"end":{"line":88,"column":37}},"loc":{"start":{"line":88,"column":40},"end":{"line":90,"column":1}},"line":88},"4":{"name":"createObjectArrayTranslation","decl":{"start":{"line":92,"column":9},"end":{"line":92,"column":37}},"loc":{"start":{"line":92,"column":40},"end":{"line":94,"column":1}},"line":92},"5":{"name":"createCompleteSpec","decl":{"start":{"line":96,"column":9},"end":{"line":96,"column":27}},"loc":{"start":{"line":96,"column":41},"end":{"line":101,"column":1}},"line":96}},"branchMap":{},"s":{"0":2,"1":2,"2":2,"3":2,"4":2,"5":2,"6":2,"7":2,"8":2,"9":2,"10":2,"11":11,"12":7,"13":1,"14":2,"15":1,"16":2,"17":2},"f":{"0":11,"1":7,"2":1,"3":2,"4":1,"5":2},"b":{},"_coverageSchema":"1a1c01bbd47fc00a2c39e90264f33305004495a9","hash":"ef03357638a1df7d060badc89eff4c74e542d48d"}
,"/home/marcos/source/marcospcury/gatsby-plugin-translate/src/lib/translate-api.js": {"path":"/home/marcos/source/marcospcury/gatsby-plugin-translate/src/lib/translate-api.js","statementMap":{"0":{"start":{"line":1,"column":14},"end":{"line":1,"column":30}},"1":{"start":{"line":4,"column":24},"end":{"line":9,"column":4}},"2":{"start":{"line":11,"column":14},"end":{"line":11,"column":86}},"3":{"start":{"line":12,"column":28},"end":{"line":19,"column":4}},"4":{"start":{"line":21,"column":2},"end":{"line":21,"column":67}},"5":{"start":{"line":25,"column":2},"end":{"line":25,"column":58}},"6":{"start":{"line":28,"column":0},"end":{"line":28,"column":34}}},"fnMap":{"0":{"name":"translate","decl":{"start":{"line":3,"column":15},"end":{"line":3,"column":24}},"loc":{"start":{"line":3,"column":55},"end":{"line":22,"column":1}},"line":3},"1":{"name":"getTranslator","decl":{"start":{"line":24,"column":9},"end":{"line":24,"column":22}},"loc":{"start":{"line":24,"column":47},"end":{"line":26,"column":1}},"line":24}},"branchMap":{},"s":{"0":1,"1":1,"2":1,"3":1,"4":1,"5":1,"6":1},"f":{"0":1,"1":1},"b":{},"_coverageSchema":"1a1c01bbd47fc00a2c39e90264f33305004495a9","hash":"cfce5344817181d03b1b9190988e8958e570c11c"}
,"/home/marcos/source/marcospcury/gatsby-plugin-translate/src/lib/translation.js": {"path":"/home/marcos/source/marcospcury/gatsby-plugin-translate/src/lib/translation.js","statementMap":{"0":{"start":{"line":1,"column":26},"end":{"line":1,"column":52}},"1":{"start":{"line":12,"column":2},"end":{"line":56,"column":3}},"2":{"start":{"line":13,"column":4},"end":{"line":55,"column":5}},"3":{"start":{"line":14,"column":6},"end":{"line":18,"column":7}},"4":{"start":{"line":15,"column":8},"end":{"line":15,"column":72}},"5":{"start":{"line":17,"column":8},"end":{"line":17,"column":55}},"6":{"start":{"line":20,"column":6},"end":{"line":54,"column":7}},"7":{"start":{"line":21,"column":8},"end":{"line":40,"column":9}},"8":{"start":{"line":22,"column":42},"end":{"line":33,"column":12}},"9":{"start":{"line":23,"column":12},"end":{"line":32,"column":13}},"10":{"start":{"line":24,"column":14},"end":{"line":24,"column":46}},"11":{"start":{"line":26,"column":14},"end":{"line":31,"column":15}},"12":{"start":{"line":35,"column":10},"end":{"line":37,"column":11}},"13":{"start":{"line":39,"column":10},"end":{"line":39,"column":57}},"14":{"start":{"line":42,"column":8},"end":{"line":53,"column":9}},"15":{"start":{"line":43,"column":10},"end":{"line":43,"column":57}},"16":{"start":{"line":45,"column":10},"end":{"line":45,"column":45}},"17":{"start":{"line":46,"column":10},"end":{"line":52,"column":11}},"18":{"start":{"line":58,"column":2},"end":{"line":58,"column":29}},"19":{"start":{"line":62,"column":2},"end":{"line":62,"column":54}},"20":{"start":{"line":62,"column":43},"end":{"line":62,"column":54}},"21":{"start":{"line":69,"column":6},"end":{"line":69,"column":25}},"22":{"start":{"line":71,"column":2},"end":{"line":71,"column":67}},"23":{"start":{"line":73,"column":27},"end":{"line":78,"column":3}},"24":{"start":{"line":80,"column":2},"end":{"line":80,"column":25}},"25":{"start":{"line":84,"column":2},"end":{"line":84,"column":69}},"26":{"start":{"line":88,"column":2},"end":{"line":88,"column":64}},"27":{"start":{"line":91,"column":0},"end":{"line":93,"column":1}}},"fnMap":{"0":{"name":"translateObjectStructure","decl":{"start":{"line":5,"column":15},"end":{"line":5,"column":39}},"loc":{"start":{"line":11,"column":2},"end":{"line":59,"column":1}},"line":11},"1":{"name":"(anonymous_1)","decl":{"start":{"line":22,"column":61},"end":{"line":22,"column":62}},"loc":{"start":{"line":22,"column":79},"end":{"line":33,"column":11}},"line":22},"2":{"name":"translateNode","decl":{"start":{"line":61,"column":15},"end":{"line":61,"column":28}},"loc":{"start":{"line":61,"column":56},"end":{"line":81,"column":1}},"line":61},"3":{"name":"isStringNode","decl":{"start":{"line":83,"column":9},"end":{"line":83,"column":21}},"loc":{"start":{"line":83,"column":38},"end":{"line":85,"column":1}},"line":83},"4":{"name":"isArrayNode","decl":{"start":{"line":87,"column":9},"end":{"line":87,"column":20}},"loc":{"start":{"line":87,"column":37},"end":{"line":89,"column":1}},"line":87}},"branchMap":{"0":{"loc":{"start":{"line":10,"column":2},"end":{"line":10,"column":27}},"type":"default-arg","locations":[{"start":{"line":10,"column":25},"end":{"line":10,"column":27}}],"line":10},"1":{"loc":{"start":{"line":13,"column":4},"end":{"line":55,"column":5}},"type":"if","locations":[{"start":{"line":13,"column":4},"end":{"line":55,"column":5}},{"start":{"line":13,"column":4},"end":{"line":55,"column":5}}],"line":13},"2":{"loc":{"start":{"line":14,"column":6},"end":{"line":18,"column":7}},"type":"if","locations":[{"start":{"line":14,"column":6},"end":{"line":18,"column":7}},{"start":{"line":14,"column":6},"end":{"line":18,"column":7}}],"line":14},"3":{"loc":{"start":{"line":20,"column":6},"end":{"line":54,"column":7}},"type":"if","locations":[{"start":{"line":20,"column":6},"end":{"line":54,"column":7}},{"start":{"line":20,"column":6},"end":{"line":54,"column":7}}],"line":20},"4":{"loc":{"start":{"line":21,"column":8},"end":{"line":40,"column":9}},"type":"if","locations":[{"start":{"line":21,"column":8},"end":{"line":40,"column":9}},{"start":{"line":21,"column":8},"end":{"line":40,"column":9}}],"line":21},"5":{"loc":{"start":{"line":23,"column":12},"end":{"line":32,"column":13}},"type":"if","locations":[{"start":{"line":23,"column":12},"end":{"line":32,"column":13}},{"start":{"line":23,"column":12},"end":{"line":32,"column":13}}],"line":23},"6":{"loc":{"start":{"line":42,"column":8},"end":{"line":53,"column":9}},"type":"if","locations":[{"start":{"line":42,"column":8},"end":{"line":53,"column":9}},{"start":{"line":42,"column":8},"end":{"line":53,"column":9}}],"line":42},"7":{"loc":{"start":{"line":42,"column":12},"end":{"line":42,"column":67}},"type":"binary-expr","locations":[{"start":{"line":42,"column":12},"end":{"line":42,"column":35}},{"start":{"line":42,"column":39},"end":{"line":42,"column":67}}],"line":42},"8":{"loc":{"start":{"line":62,"column":2},"end":{"line":62,"column":54}},"type":"if","locations":[{"start":{"line":62,"column":2},"end":{"line":62,"column":54}},{"start":{"line":62,"column":2},"end":{"line":62,"column":54}}],"line":62},"9":{"loc":{"start":{"line":62,"column":6},"end":{"line":62,"column":41}},"type":"binary-expr","locations":[{"start":{"line":62,"column":6},"end":{"line":62,"column":19}},{"start":{"line":62,"column":23},"end":{"line":62,"column":41}}],"line":62},"10":{"loc":{"start":{"line":84,"column":9},"end":{"line":84,"column":69}},"type":"binary-expr","locations":[{"start":{"line":84,"column":9},"end":{"line":84,"column":13}},{"start":{"line":84,"column":17},"end":{"line":84,"column":31}},{"start":{"line":84,"column":35},"end":{"line":84,"column":69}}],"line":84},"11":{"loc":{"start":{"line":88,"column":9},"end":{"line":88,"column":64}},"type":"binary-expr","locations":[{"start":{"line":88,"column":9},"end":{"line":88,"column":13}},{"start":{"line":88,"column":17},"end":{"line":88,"column":31}},{"start":{"line":88,"column":35},"end":{"line":88,"column":64}}],"line":88}},"s":{"0":1,"1":9,"2":18,"3":12,"4":6,"5":6,"6":6,"7":3,"8":3,"9":4,"10":3,"11":1,"12":3,"13":0,"14":3,"15":2,"16":1,"17":1,"18":9,"19":9,"20":2,"21":7,"22":7,"23":7,"24":7,"25":18,"26":6,"27":1},"f":{"0":9,"1":4,"2":9,"3":18,"4":6},"b":{"0":[8],"1":[12,6],"2":[6,6],"3":[3,3],"4":[3,0],"5":[3,1],"6":[2,1],"7":[3,2],"8":[2,7],"9":[9,8],"10":[18,18,16],"11":[6,6,4]},"_coverageSchema":"1a1c01bbd47fc00a2c39e90264f33305004495a9","hash":"da02bbbc16611433b347b7c2dbec03affd04e978"}
,"/home/marcos/source/marcospcury/gatsby-plugin-translate/src/lib/utils.js": {"path":"/home/marcos/source/marcospcury/gatsby-plugin-translate/src/lib/utils.js","statementMap":{"0":{"start":{"line":2,"column":17},"end":{"line":6,"column":3}},"1":{"start":{"line":7,"column":2},"end":{"line":7,"column":73}},"2":{"start":{"line":10,"column":0},"end":{"line":10,"column":24}}},"fnMap":{"0":{"name":"log","decl":{"start":{"line":1,"column":9},"end":{"line":1,"column":12}},"loc":{"start":{"line":1,"column":37},"end":{"line":8,"column":1}},"line":1}},"branchMap":{"0":{"loc":{"start":{"line":1,"column":22},"end":{"line":1,"column":35}},"type":"default-arg","locations":[{"start":{"line":1,"column":29},"end":{"line":1,"column":35}}],"line":1}},"s":{"0":0,"1":0,"2":1},"f":{"0":0},"b":{"0":[0]},"_coverageSchema":"1a1c01bbd47fc00a2c39e90264f33305004495a9","hash":"1532105a78edb7e9939120d06cca0b7ad8ce85a1"}
,"/home/marcos/source/marcospcury/gatsby-plugin-translate/src/lib/validation.js": {"path":"/home/marcos/source/marcospcury/gatsby-plugin-translate/src/lib/validation.js","statementMap":{"0":{"start":{"line":1,"column":16},"end":{"line":1,"column":34}},"1":{"start":{"line":4,"column":2},"end":{"line":4,"column":79}},"2":{"start":{"line":8,"column":14},"end":{"line":8,"column":19}},"3":{"start":{"line":9,"column":17},"end":{"line":9,"column":19}},"4":{"start":{"line":11,"column":26},"end":{"line":14,"column":3}},"5":{"start":{"line":12,"column":4},"end":{"line":12,"column":23}},"6":{"start":{"line":13,"column":4},"end":{"line":13,"column":30}},"7":{"start":{"line":16,"column":2},"end":{"line":16,"column":66}},"8":{"start":{"line":16,"column":16},"end":{"line":16,"column":66}},"9":{"start":{"line":18,"column":41},"end":{"line":18,"column":48}},"10":{"start":{"line":20,"column":2},"end":{"line":21,"column":61}},"11":{"start":{"line":21,"column":4},"end":{"line":21,"column":61}},"12":{"start":{"line":23,"column":2},"end":{"line":26,"column":5}},"13":{"start":{"line":24,"column":4},"end":{"line":26,"column":5}},"14":{"start":{"line":28,"column":2},"end":{"line":33,"column":4}},"15":{"start":{"line":29,"column":48},"end":{"line":29,"column":59}},"16":{"start":{"line":30,"column":4},"end":{"line":30,"column":43}},"17":{"start":{"line":31,"column":4},"end":{"line":31,"column":67}},"18":{"start":{"line":35,"column":2},"end":{"line":35,"column":14}},"19":{"start":{"line":37,"column":2},"end":{"line":37,"column":28}},"20":{"start":{"line":41,"column":2},"end":{"line":41,"column":63}},"21":{"start":{"line":45,"column":2},"end":{"line":45,"column":52}},"22":{"start":{"line":48,"column":0},"end":{"line":51,"column":1}}},"fnMap":{"0":{"name":"getSelectorFromInternalType","decl":{"start":{"line":3,"column":9},"end":{"line":3,"column":36}},"loc":{"start":{"line":3,"column":43},"end":{"line":5,"column":1}},"line":3},"1":{"name":"validateAndCompileOptions","decl":{"start":{"line":7,"column":9},"end":{"line":7,"column":34}},"loc":{"start":{"line":7,"column":53},"end":{"line":38,"column":1}},"line":7},"2":{"name":"(anonymous_2)","decl":{"start":{"line":11,"column":26},"end":{"line":11,"column":27}},"loc":{"start":{"line":11,"column":37},"end":{"line":14,"column":3}},"line":11},"3":{"name":"(anonymous_3)","decl":{"start":{"line":28,"column":23},"end":{"line":28,"column":24}},"loc":{"start":{"line":28,"column":38},"end":{"line":33,"column":3}},"line":28},"4":{"name":"isValidString","decl":{"start":{"line":40,"column":9},"end":{"line":40,"column":22}},"loc":{"start":{"line":40,"column":29},"end":{"line":42,"column":1}},"line":40},"5":{"name":"isValidArray","decl":{"start":{"line":44,"column":9},"end":{"line":44,"column":21}},"loc":{"start":{"line":44,"column":27},"end":{"line":46,"column":1}},"line":44}},"branchMap":{"0":{"loc":{"start":{"line":7,"column":44},"end":{"line":7,"column":51}},"type":"default-arg","locations":[{"start":{"line":7,"column":48},"end":{"line":7,"column":51}}],"line":7},"1":{"loc":{"start":{"line":16,"column":2},"end":{"line":16,"column":66}},"type":"if","locations":[{"start":{"line":16,"column":2},"end":{"line":16,"column":66}},{"start":{"line":16,"column":2},"end":{"line":16,"column":66}}],"line":16},"2":{"loc":{"start":{"line":20,"column":2},"end":{"line":21,"column":61}},"type":"if","locations":[{"start":{"line":20,"column":2},"end":{"line":21,"column":61}},{"start":{"line":20,"column":2},"end":{"line":21,"column":61}}],"line":20},"3":{"loc":{"start":{"line":23,"column":2},"end":{"line":26,"column":5}},"type":"if","locations":[{"start":{"line":23,"column":2},"end":{"line":26,"column":5}},{"start":{"line":23,"column":2},"end":{"line":26,"column":5}}],"line":23},"4":{"loc":{"start":{"line":41,"column":9},"end":{"line":41,"column":63}},"type":"binary-expr","locations":[{"start":{"line":41,"column":9},"end":{"line":41,"column":13}},{"start":{"line":41,"column":17},"end":{"line":41,"column":41}},{"start":{"line":41,"column":45},"end":{"line":41,"column":63}}],"line":41},"5":{"loc":{"start":{"line":45,"column":9},"end":{"line":45,"column":52}},"type":"binary-expr","locations":[{"start":{"line":45,"column":9},"end":{"line":45,"column":12}},{"start":{"line":45,"column":16},"end":{"line":45,"column":34}},{"start":{"line":45,"column":38},"end":{"line":45,"column":52}}],"line":45}},"s":{"0":1,"1":1,"2":8,"3":8,"4":8,"5":6,"6":6,"7":8,"8":2,"9":6,"10":6,"11":2,"12":4,"13":2,"14":2,"15":2,"16":2,"17":2,"18":2,"19":2,"20":6,"21":4,"22":1},"f":{"0":1,"1":8,"2":6,"3":2,"4":6,"5":4},"b":{"0":[0],"1":[2,6],"2":[2,4],"3":[2,2],"4":[6,4,4],"5":[4,3,3]},"_coverageSchema":"1a1c01bbd47fc00a2c39e90264f33305004495a9","hash":"b8028f3f083fb3158fe68ebb9f3d5393336ce031"}
}
