TN:
SF:__test__/mocks.js
FN:71,createTranslation
FN:80,createBasicTranslation
FN:84,createObjectTranslation
FN:88,createSimpleArrayTranslation
FN:92,createObjectArrayTranslation
FN:96,createCompleteSpec
FNF:6
FNH:6
FNDA:11,createTranslation
FNDA:7,createBasicTranslation
FNDA:1,createObjectTranslation
FNDA:2,createSimpleArrayTranslation
FNDA:1,createObjectArrayTranslation
FNDA:2,createCompleteSpec
DA:1,2
DA:6,2
DA:14,2
DA:19,2
DA:27,2
DA:32,2
DA:40,2
DA:45,2
DA:55,2
DA:60,2
DA:65,2
DA:72,11
DA:81,7
DA:85,1
DA:89,2
DA:93,1
DA:97,2
DA:103,2
LF:18
LH:18
BRF:0
BRH:0
end_of_record
TN:
SF:src/lib/translate-api.js
FN:3,translate
FN:24,getTranslator
FNF:2
FNH:2
FNDA:1,translate
FNDA:1,getTranslator
DA:1,1
DA:4,1
DA:11,1
DA:12,1
DA:21,1
DA:25,1
DA:28,1
LF:7
LH:7
BRF:0
BRH:0
end_of_record
TN:
SF:src/lib/translation.js
FN:5,translateObjectStructure
FN:22,(anonymous_1)
FN:61,translateNode
FN:83,isStringNode
FN:87,isArrayNode
FNF:5
FNH:5
FNDA:9,translateObjectStructure
FNDA:4,(anonymous_1)
FNDA:9,translateNode
FNDA:18,isStringNode
FNDA:6,isArrayNode
DA:1,1
DA:12,9
DA:13,18
DA:14,12
DA:15,6
DA:17,6
DA:20,6
DA:21,3
DA:22,3
DA:23,4
DA:24,3
DA:26,1
DA:35,3
DA:39,0
DA:42,3
DA:43,2
DA:45,1
DA:46,1
DA:58,9
DA:62,9
DA:69,7
DA:71,7
DA:73,7
DA:80,7
DA:84,18
DA:88,6
DA:91,1
LF:27
LH:26
BRDA:10,0,0,8
BRDA:13,1,0,12
BRDA:13,1,1,6
BRDA:14,2,0,6
BRDA:14,2,1,6
BRDA:20,3,0,3
BRDA:20,3,1,3
BRDA:21,4,0,3
BRDA:21,4,1,0
BRDA:23,5,0,3
BRDA:23,5,1,1
BRDA:42,6,0,2
BRDA:42,6,1,1
BRDA:42,7,0,3
BRDA:42,7,1,2
BRDA:62,8,0,2
BRDA:62,8,1,7
BRDA:62,9,0,9
BRDA:62,9,1,8
BRDA:84,10,0,18
BRDA:84,10,1,18
BRDA:84,10,2,16
BRDA:88,11,0,6
BRDA:88,11,1,6
BRDA:88,11,2,4
BRF:25
BRH:24
end_of_record
TN:
SF:src/lib/utils.js
FN:1,log
FNF:1
FNH:0
FNDA:0,log
DA:2,0
DA:7,0
DA:10,1
LF:3
LH:1
BRDA:1,0,0,0
BRF:1
BRH:0
end_of_record
TN:
SF:src/lib/validation.js
FN:3,getSelectorFromInternalType
FN:7,validateAndCompileOptions
FN:11,(anonymous_2)
FN:28,(anonymous_3)
FN:40,isValidString
FN:44,isValidArray
FNF:6
FNH:6
FNDA:1,getSelectorFromInternalType
FNDA:8,validateAndCompileOptions
FNDA:6,(anonymous_2)
FNDA:2,(anonymous_3)
FNDA:6,isValidString
FNDA:4,isValidArray
DA:1,1
DA:4,1
DA:8,8
DA:9,8
DA:11,8
DA:12,6
DA:13,6
DA:16,8
DA:18,6
DA:20,6
DA:21,2
DA:23,4
DA:24,2
DA:28,2
DA:29,2
DA:30,2
DA:31,2
DA:35,2
DA:37,2
DA:41,6
DA:45,4
DA:48,1
LF:22
LH:22
BRDA:7,0,0,0
BRDA:16,1,0,2
BRDA:16,1,1,6
BRDA:20,2,0,2
BRDA:20,2,1,4
BRDA:23,3,0,2
BRDA:23,3,1,2
BRDA:41,4,0,6
BRDA:41,4,1,4
BRDA:41,4,2,4
BRDA:45,5,0,4
BRDA:45,5,1,3
BRDA:45,5,2,3
BRF:13
BRH:12
end_of_record
